19:18:40 (139909107959584 0.0000) [engine] (System::init) base module success
19:18:40 (139909107959584 0.0000) [engine] (System::init) start setting module
19:18:40 (139909107959584 0.0190) [engine] (System::init) setting module success
19:18:40 (139909107959584 0.0190) [engine] (Kernel::init) start db module
19:18:41 (139909107959584 0.2700) [engine] (Kernel::init) db module success
19:18:41 (139909107959584 0.2700) [engine] (Kernel::init) start net module
19:18:41 (139909107959584 0.2750) [engine] (Kernel::init_net) success! connection maxcount: 10240, listenport: 12680, listenip: 127.0.0.1
19:18:41 (139909107959584 0.2750) [engine] (Kernel::init) net module success
19:18:41 (139909107959584 0.2750) [engine] (Kernel::run) base module
19:18:41 (139909107959584 0.2750) [engine] (Kernel::run) db module
19:18:41 (139909107959584 0.2750) [engine] (Kernel::run) net module
19:26:23 (139812616165152 0.0000) [engine] (System::init) base module success
19:26:23 (139812616165152 0.0000) [engine] (System::init) start setting module
19:26:23 (139812616165152 0.0000) [engine] (System::init) setting module success
19:26:23 (139812616165152 0.0000) [engine] (Kernel::init) start db module
19:26:23 (139812616165152 0.0050) [engine] (Kernel::init) db module success
19:26:23 (139812616165152 0.0050) [engine] (Kernel::init) start net module
19:26:23 (139812616165152 0.0070) [engine] (Kernel::init_net) success! connection maxcount: 10240, listenport: 12680, listenip: 127.0.0.1
19:26:23 (139812616165152 0.0070) [engine] (Kernel::init) net module success
19:26:23 (139812616165152 0.0070) [engine] (Kernel::run) base module
19:26:23 (139812616165152 0.0070) [engine] (Kernel::run) db module
19:26:23 (139812616165152 0.0070) [engine] (Kernel::run) net module
19:26:48 (139812616165152 25.8490) [engine] (Kernel::stop) net module
19:26:48 (139812616165152 25.8490) [engine] (Kernel::stop) db module
19:26:48 (139812616165152 25.8490) [engine] (Kernel::stop) base module
19:28:39 (140533552150304 0.0010) [engine] (System::init) base module success
19:28:39 (140533552150304 0.0010) [engine] (System::init) start setting module
19:28:39 (140533552150304 0.0010) [engine] (System::init) setting module success
19:28:39 (140533552150304 0.0010) [engine] (Kernel::init) start db module
19:28:39 (140533552150304 0.0050) [engine] (Kernel::init) db module success
19:28:39 (140533552150304 0.0050) [engine] (Kernel::init) start net module
19:28:39 (140533552150304 0.0070) [engine] (Kernel::init_net) success! connection maxcount: 10240, listenport: 12680, listenip: 127.0.0.1
19:28:39 (140533552150304 0.0070) [engine] (Kernel::init) net module success
19:28:39 (140533552150304 0.0070) [engine] (Kernel::run) base module
19:28:39 (140533552150304 0.0070) [engine] (Kernel::run) db module
19:28:39 (140533552150304 0.0070) [engine] (Kernel::run) net module
19:28:45 (140533552150304 6.2580) [engine] (Kernel::stop) net module
19:28:45 (140533552150304 6.2580) [engine] (Kernel::stop) db module
19:28:45 (140533552150304 6.2580) [engine] (Kernel::stop) base module
19:30:22 (140456261814048 0.0010) [engine] (System::init) base module success
19:30:22 (140456261814048 0.0010) [engine] (System::init) start setting module
19:30:22 (140456261814048 0.0010) [engine] (System::init) setting module success
19:30:22 (140456261814048 0.0010) [engine] (Kernel::init) start db module
19:30:22 (140456261814048 0.0060) [engine] (Kernel::init) db module success
19:30:22 (140456261814048 0.0060) [engine] (Kernel::init) start net module
19:30:22 (140456261814048 0.0070) [engine] (Kernel::init_net) success! connection maxcount: 10240, listenport: 12680, listenip: 127.0.0.1
19:30:22 (140456261814048 0.0070) [engine] (Kernel::init) net module success
19:30:22 (140456261814048 0.0070) [engine] (Kernel::run) base module
19:30:22 (140456261814048 0.0070) [engine] (Kernel::run) db module
19:30:22 (140456261814048 0.0070) [engine] (Kernel::run) net module
19:30:30 (140456261814048 8.4540) [engine] (Kernel::stop) net module
19:30:30 (140456261814048 8.4540) [engine] (Kernel::stop) db module
19:30:30 (140456261814048 8.4540) [engine] (Kernel::stop) base module
19:32:49 (139998460487456 0.0000) [engine] (System::init) base module success
19:32:49 (139998460487456 0.0000) [engine] (System::init) start setting module
19:32:49 (139998460487456 0.0000) [engine] (System::init) setting module success
19:32:49 (139998460487456 0.0000) [engine] (Kernel::init) start db module
19:32:49 (139998460487456 0.0060) [engine] (Kernel::init) db module success
19:32:49 (139998460487456 0.0060) [engine] (Kernel::init) start net module
19:32:49 (139998460487456 0.0070) [engine] (Kernel::init_net) success! connection maxcount: 10240, listenport: 12680, listenip: 127.0.0.1
19:32:49 (139998460487456 0.0070) [engine] (Kernel::init) net module success
19:32:49 (139998460487456 0.0070) [engine] (Kernel::run) base module
19:32:49 (139998460487456 0.0070) [engine] (Kernel::run) db module
19:32:49 (139998460487456 0.0070) [engine] (Kernel::run) net module
19:32:52 (139998460487456 3.5850) [engine] (Kernel::stop) net module
19:32:52 (139998460487456 3.6230) [engine] (Kernel::stop) db module
19:32:52 (139998460487456 3.6230) [engine] (Kernel::stop) base module
19:34:58 (140184530814752 0.0000) [engine] (System::init) base module success
19:34:58 (140184530814752 0.0000) [engine] (System::init) start setting module
19:34:58 (140184530814752 0.0000) [engine] (System::init) setting module success
19:34:58 (140184530814752 0.0000) [engine] (Kernel::init) start db module
19:34:58 (140184530814752 0.0050) [engine] (Kernel::init) db module success
19:34:58 (140184530814752 0.0050) [engine] (Kernel::init) start net module
19:34:58 (140184530814752 0.0070) [engine] (Kernel::init_net) success! connection maxcount: 10240, listenport: 12680, listenip: 127.0.0.1
19:34:58 (140184530814752 0.0070) [engine] (Kernel::init) net module success
19:34:58 (140184530814752 0.0070) [engine] (Kernel::run) base module
19:34:58 (140184530814752 0.0070) [engine] (Kernel::run) db module
19:34:58 (140184530814752 0.0070) [engine] (Kernel::run) net module
19:35:05 (140184530814752 6.6090) [engine] (Kernel::stop) net module
19:35:05 (140184530814752 6.6090) [engine] (Kernel::stop) db module
19:35:05 (140184530814752 6.6090) [engine] (Kernel::stop) base module
19:37:43 (139696826820384 0.0000) [engine] (System::init) base module success
19:37:43 (139696826820384 0.0010) [engine] (System::init) start setting module
19:37:43 (139696826820384 0.0010) [engine] (System::init) setting module success
19:37:43 (139696826820384 0.0010) [engine] (Kernel::init) start db module
19:37:43 (139696826820384 0.0060) [engine] (Kernel::init) db module success
19:37:43 (139696826820384 0.0060) [engine] (Kernel::init) start net module
19:37:43 (139696826820384 0.0070) [engine] (Kernel::init_net) success! connection maxcount: 10240, listenport: 12680, listenip: 127.0.0.1
19:37:43 (139696826820384 0.0070) [engine] (Kernel::init) net module success
19:37:43 (139696826820384 0.0070) [engine] (Kernel::run) base module
19:37:43 (139696826820384 0.0070) [engine] (Kernel::run) db module
19:37:43 (139696826820384 0.0070) [engine] (Kernel::run) net module
19:37:49 (139696826820384 6.2290) [engine] (Kernel::stop) net module
19:37:49 (139696826820384 6.2290) [engine] (Kernel::stop) db module
19:37:49 (139696826820384 6.2290) [engine] (Kernel::stop) base module
19:39:35 (140173309605664 0.0000) [engine] (System::init) base module success
19:39:35 (140173309605664 0.0000) [engine] (System::init) start setting module
19:39:35 (140173309605664 0.0000) [engine] (System::init) setting module success
19:39:35 (140173309605664 0.0000) [engine] (Kernel::init) start db module
19:39:35 (140173309605664 0.0060) [engine] (Kernel::init) db module success
19:39:35 (140173309605664 0.0060) [engine] (Kernel::init) start net module
19:39:35 (140173309605664 0.0070) [engine] (Kernel::init_net) success! connection maxcount: 10240, listenport: 12680, listenip: 127.0.0.1
19:39:35 (140173309605664 0.0070) [engine] (Kernel::init) net module success
19:39:35 (140173309605664 0.0070) [engine] (Kernel::run) base module
19:39:35 (140173309605664 0.0070) [engine] (Kernel::run) db module
19:39:35 (140173309605664 0.0070) [engine] (Kernel::run) net module
19:39:44 (140173309605664 8.6980) [engine] (Kernel::stop) net module
19:39:44 (140173309605664 8.6980) [engine] (Kernel::stop) db module
19:39:44 (140173309605664 8.6980) [engine] (Kernel::stop) base module
19:42:42 (140370696759072 0.0000) [engine] (System::init) base module success
19:42:42 (140370696759072 0.0000) [engine] (System::init) start setting module
19:42:42 (140370696759072 0.0010) [engine] (System::init) setting module success
19:42:42 (140370696759072 0.0010) [engine] (Kernel::init) start db module
19:42:42 (140370696759072 0.0060) [engine] (Kernel::init) db module success
19:42:42 (140370696759072 0.0060) [engine] (Kernel::init) start net module
19:42:42 (140370696759072 0.0070) [engine] (Kernel::init_net) success! connection maxcount: 10240, listenport: 12680, listenip: 127.0.0.1
19:42:42 (140370696759072 0.0070) [engine] (Kernel::init) net module success
19:42:42 (140370696759072 0.0070) [engine] (Kernel::run) base module
19:42:42 (140370696759072 0.0070) [engine] (Kernel::run) db module
19:42:42 (140370696759072 0.0070) [engine] (Kernel::run) net module
19:47:32 (139726154458912 0.0000) [engine] (System::init) base module success
19:47:32 (139726154458912 0.0000) [engine] (System::init) start setting module
19:47:32 (139726154458912 0.0010) [engine] (System::init) setting module success
19:47:32 (139726154458912 0.0010) [engine] (Kernel::init) start db module
19:47:32 (139726154458912 0.0070) [engine] (Kernel::init) db module success
19:47:32 (139726154458912 0.0070) [engine] (Kernel::init) start net module
19:47:32 (139726154458912 0.0080) [engine] (Kernel::init_net) success! connection maxcount: 10240, listenport: 12680, listenip: 127.0.0.1
19:47:32 (139726154458912 0.0080) [engine] (Kernel::init) net module success
19:47:32 (139726154458912 0.0080) [engine] (Kernel::run) base module
19:47:32 (139726154458912 0.0080) [engine] (Kernel::run) db module
19:47:32 (139726154458912 0.0080) [engine] (Kernel::run) net module
19:47:58 (140343804532512 0.0000) [engine] (System::init) base module success
19:47:58 (140343804532512 0.0010) [engine] (System::init) start setting module
19:47:58 (140343804532512 0.0010) [engine] (System::init) setting module success
19:47:58 (140343804532512 0.0010) [engine] (Kernel::init) start db module
19:47:58 (140343804532512 0.0060) [engine] (Kernel::init) db module success
19:47:58 (140343804532512 0.0060) [engine] (Kernel::init) start net module
19:47:58 (140343804532512 0.0070) [engine] (Kernel::init_net) success! connection maxcount: 10240, listenport: 12680, listenip: 127.0.0.1
19:47:58 (140343804532512 0.0070) [engine] (Kernel::init) net module success
19:47:58 (140343804532512 0.0080) [engine] (Kernel::run) base module
19:47:58 (140343804532512 0.0080) [engine] (Kernel::run) db module
19:47:58 (140343804532512 0.0080) [engine] (Kernel::run) net module
19:48:59 (140703965103904 0.0000) [engine] (System::init) base module success
19:48:59 (140703965103904 0.0000) [engine] (System::init) start setting module
19:48:59 (140703965103904 0.0000) [engine] (System::init) setting module success
19:48:59 (140703965103904 0.0000) [engine] (Kernel::init) start db module
19:48:59 (140703965103904 0.0060) [engine] (Kernel::init) db module success
19:48:59 (140703965103904 0.0060) [engine] (Kernel::init) start net module
19:48:59 (140703965103904 0.0070) [engine] (Kernel::init_net) success! connection maxcount: 10240, listenport: 12680, listenip: 127.0.0.1
19:48:59 (140703965103904 0.0070) [engine] (Kernel::init) net module success
19:48:59 (140703965103904 0.0070) [engine] (Kernel::run) base module
19:48:59 (140703965103904 0.0070) [engine] (Kernel::run) db module
19:48:59 (140703965103904 0.0070) [engine] (Kernel::run) net module
19:49:42 (140455504385824 0.0010) [engine] (System::init) base module success
19:49:42 (140455504385824 0.0010) [engine] (System::init) start setting module
19:49:42 (140455504385824 0.0010) [engine] (System::init) setting module success
19:49:42 (140455504385824 0.0010) [engine] (Kernel::init) start db module
19:49:42 (140455504385824 0.0520) [engine] (Kernel::init) db module success
19:49:42 (140455504385824 0.0520) [engine] (Kernel::init) start net module
19:49:42 (140455504385824 0.0530) [engine] (Kernel::init_net) success! connection maxcount: 10240, listenport: 12680, listenip: 127.0.0.1
19:49:42 (140455504385824 0.0530) [engine] (Kernel::init) net module success
19:49:42 (140455504385824 0.0530) [engine] (Kernel::run) base module
19:49:42 (140455504385824 0.0530) [engine] (Kernel::run) db module
19:49:42 (140455504385824 0.0530) [engine] (Kernel::run) net module
19:51:36 (140448681293600 0.0000) [engine] (System::init) base module success
19:51:36 (140448681293600 0.0010) [engine] (System::init) start setting module
19:51:36 (140448681293600 0.0010) [engine] (System::init) setting module success
19:51:36 (140448681293600 0.0010) [engine] (Kernel::init) start db module
19:51:36 (140448681293600 0.0060) [engine] (Kernel::init) db module success
19:51:36 (140448681293600 0.0060) [engine] (Kernel::init) start net module
19:51:36 (140448681293600 0.0080) [engine] (Kernel::init_net) success! connection maxcount: 10240, listenport: 12680, listenip: 127.0.0.1
19:51:36 (140448681293600 0.0080) [engine] (Kernel::init) net module success
19:51:36 (140448681293600 0.0080) [engine] (Kernel::run) base module
19:51:36 (140448681293600 0.0080) [engine] (Kernel::run) db module
19:51:36 (140448681293600 0.0080) [engine] (Kernel::run) net module
19:52:00 (139748485834528 0.0000) [engine] (System::init) base module success
19:52:00 (139748485834528 0.0000) [engine] (System::init) start setting module
19:52:00 (139748485834528 0.0000) [engine] (System::init) setting module success
19:52:00 (139748485834528 0.0000) [engine] (Kernel::init) start db module
19:52:00 (139748485834528 0.0050) [engine] (Kernel::init) db module success
19:52:00 (139748485834528 0.0050) [engine] (Kernel::init) start net module
19:52:00 (139748485834528 0.0070) [engine] (Kernel::init_net) success! connection maxcount: 10240, listenport: 12680, listenip: 127.0.0.1
19:52:00 (139748485834528 0.0070) [engine] (Kernel::init) net module success
19:52:00 (139748485834528 0.0070) [engine] (Kernel::run) base module
19:52:00 (139748485834528 0.0070) [engine] (Kernel::run) db module
19:52:00 (139748485834528 0.0070) [engine] (Kernel::run) net module
19:53:00 (139789776193312 0.0000) [engine] (System::init) base module success
19:53:00 (139789776193312 0.0000) [engine] (System::init) start setting module
19:53:00 (139789776193312 0.0000) [engine] (System::init) setting module success
19:53:00 (139789776193312 0.0000) [engine] (Kernel::init) start db module
19:53:00 (139789776193312 0.0710) [engine] (Kernel::init) db module success
19:53:00 (139789776193312 0.0730) [engine] (Kernel::init) start net module
19:53:00 (139789776193312 0.0750) [engine] (Kernel::init_net) success! connection maxcount: 10240, listenport: 12680, listenip: 127.0.0.1
19:53:00 (139789776193312 0.0750) [engine] (Kernel::init) net module success
19:53:00 (139789776193312 0.0750) [engine] (Kernel::run) base module
19:53:00 (139789776193312 0.0750) [engine] (Kernel::run) db module
19:53:00 (139789776193312 0.0750) [engine] (Kernel::run) net module
19:54:40 (139789776193312 100.6700) [engine] (Kernel::stop) net module
19:54:40 (139789776193312 100.6700) [engine] (Kernel::stop) db module
19:54:40 (139789776193312 100.6700) [engine] (Kernel::stop) base module
19:54:41 (140159150675744 0.0000) [engine] (System::init) base module success
19:54:41 (140159150675744 0.0000) [engine] (System::init) start setting module
19:54:41 (140159150675744 0.0010) [engine] (System::init) setting module success
19:54:41 (140159150675744 0.0010) [engine] (Kernel::init) start db module
19:54:41 (140159150675744 0.0060) [engine] (Kernel::init) db module success
19:54:41 (140159150675744 0.0060) [engine] (Kernel::init) start net module
19:54:41 (140159150675744 0.0070) [engine] (Kernel::init_net) success! connection maxcount: 10240, listenport: 12680, listenip: 127.0.0.1
19:54:41 (140159150675744 0.0070) [engine] (Kernel::init) net module success
19:54:41 (140159150675744 0.0070) [engine] (Kernel::run) base module
19:54:41 (140159150675744 0.0070) [engine] (Kernel::run) db module
19:54:41 (140159150675744 0.0070) [engine] (Kernel::run) net module
20:02:04 (140159150675744 443.1270) [engine] (Kernel::stop) net module
20:02:04 (140159150675744 443.1270) [engine] (Kernel::stop) db module
20:02:04 (140159150675744 443.1270) [engine] (Kernel::stop) base module
20:02:52 (139942645671712 0.0000) [engine] (System::init) base module success
20:02:52 (139942645671712 0.0000) [engine] (System::init) start setting module
20:02:52 (139942645671712 0.0010) [engine] (System::init) setting module success
20:02:52 (139942645671712 0.0010) [engine] (Kernel::init) start db module
20:02:52 (139942645671712 0.0080) [engine] (Kernel::init) db module success
20:02:52 (139942645671712 0.0080) [engine] (Kernel::init) start net module
20:02:52 (139942645671712 0.0090) [engine] (Kernel::init_net) success! connection maxcount: 10240, listenport: 12680, listenip: 127.0.0.1
20:02:52 (139942645671712 0.0090) [engine] (Kernel::init) net module success
20:02:52 (139942645671712 0.0100) [engine] (Kernel::run) base module
20:02:52 (139942645671712 0.0100) [engine] (Kernel::run) db module
20:02:52 (139942645671712 0.0100) [engine] (Kernel::run) net module
20:05:26 (139942645671712 153.8020) [engine] (Kernel::stop) net module
20:05:26 (139942645671712 153.8020) [engine] (Kernel::stop) db module
20:05:26 (139942645671712 153.8020) [engine] (Kernel::stop) base module
20:16:35 (140680348895008 0.0000) [engine] (System::init) base module success
20:16:35 (140680348895008 0.0000) [engine] (System::init) start setting module
20:16:35 (140680348895008 0.0000) [engine] (System::init) setting module success
20:16:35 (140680348895008 0.0000) [engine] (Kernel::init) start db module
20:16:35 (140680348895008 0.0070) [engine] (Kernel::init) db module success
20:16:35 (140680348895008 0.0070) [engine] (Kernel::init) start net module
20:16:35 (140680348895008 0.0090) [engine] (Kernel::init_net) success! connection maxcount: 10240, listenport: 12680, listenip: 127.0.0.1
20:16:35 (140680348895008 0.0090) [engine] (Kernel::init) net module success
20:16:35 (140680348895008 0.0090) [engine] (Kernel::run) base module
20:16:35 (140680348895008 0.0090) [engine] (Kernel::run) db module
20:16:35 (140680348895008 0.0090) [engine] (Kernel::run) net module
20:16:38 (140680348895008 3.1470) [engine] (Kernel::stop) net module
20:16:38 (140680348895008 3.1470) [engine] (Kernel::stop) db module
20:16:38 (140680348895008 3.1470) [engine] (Kernel::stop) base module
