19:22:55 (140690516133664 0.0010) [engine] (System::init) base module success
19:22:55 (140690516133664 0.0010) [engine] (System::init) start setting module
19:22:55 (140690516133664 0.0180) [engine] (System::init) setting module success
19:22:55 (140690516133664 0.0190) [engine] (Kernel::init) start db module
19:22:55 (140690516133664 0.2860) [engine] (Kernel::init) db module success
19:22:55 (140690516133664 0.2860) [engine] (Kernel::init) start net module
19:22:55 (140690516133664 0.2870) [engine] (Kernel::init_net) success! connection maxcount: 10240, listenport: 12680, listenip: 127.0.0.1
19:22:55 (140690516133664 0.2870) [engine] (Kernel::init) net module success
19:22:55 (140690516133664 0.2870) [engine] (Kernel::run) base module
19:22:55 (140690516133664 0.2870) [engine] (Kernel::run) db module
19:22:55 (140690516133664 0.2870) [engine] (Kernel::run) net module
19:22:57 (140690516133664 1.8240) [engine] (Kernel::stop) net module
19:22:57 (140690516133664 1.8240) [engine] (Kernel::stop) db module
19:22:57 (140690516133664 1.8240) [engine] (Kernel::stop) base module
19:23:00 (139802217744160 0.0000) [engine] (System::init) base module success
19:23:00 (139802217744160 0.0000) [engine] (System::init) start setting module
19:23:00 (139802217744160 0.0000) [engine] (System::init) setting module success
19:23:00 (139802217744160 0.0000) [engine] (Kernel::init) start db module
19:23:00 (139802217744160 0.0050) [engine] (Kernel::init) db module success
19:23:00 (139802217744160 0.0050) [engine] (Kernel::init) start net module
19:23:00 (139802217744160 0.0060) [engine] (Kernel::init_net) success! connection maxcount: 10240, listenport: 12680, listenip: 127.0.0.1
19:23:00 (139802217744160 0.0060) [engine] (Kernel::init) net module success
19:23:00 (139802217744160 0.0060) [engine] (Kernel::run) base module
19:23:00 (139802217744160 0.0060) [engine] (Kernel::run) db module
19:23:00 (139802217744160 0.0060) [engine] (Kernel::run) net module
19:23:07 (139802217744160 6.8310) [engine] (Kernel::stop) net module
19:23:07 (139802217744160 6.8310) [engine] (Kernel::stop) db module
19:23:07 (139802217744160 6.8310) [engine] (Kernel::stop) base module
19:30:43 (140392934733600 0.0000) [engine] (System::init) base module success
19:30:43 (140392934733600 0.0000) [engine] (System::init) start setting module
19:30:43 (140392934733600 0.0000) [engine] (System::init) setting module success
19:30:43 (140392934733600 0.0000) [engine] (Kernel::init) start db module
19:30:43 (140392934733600 0.0050) [engine] (Kernel::init) db module success
19:30:43 (140392934733600 0.0060) [engine] (Kernel::init) start net module
19:30:43 (140392934733600 0.0060) [engine] (Kernel::init_net) success! connection maxcount: 10240, listenport: 12680, listenip: 127.0.0.1
19:30:43 (140392934733600 0.0060) [engine] (Kernel::init) net module success
19:30:43 (140392934733600 0.0060) [engine] (Kernel::run) base module
19:30:43 (140392934733600 0.0060) [engine] (Kernel::run) db module
19:30:43 (140392934733600 0.0070) [engine] (Kernel::run) net module
19:30:50 (140392934733600 7.2900) [engine] (Kernel::stop) net module
19:30:50 (140392934733600 7.2900) [engine] (Kernel::stop) db module
19:30:50 (140392934733600 7.2900) [engine] (Kernel::stop) base module
19:31:25 (140003751950112 0.0000) [engine] (System::init) base module success
19:31:25 (140003751950112 0.0000) [engine] (System::init) start setting module
19:31:25 (140003751950112 0.0010) [engine] (System::init) setting module success
19:31:25 (140003751950112 0.0010) [engine] (Kernel::init) start db module
19:31:25 (140003751950112 0.0060) [engine] (Kernel::init) db module success
19:31:25 (140003751950112 0.0060) [engine] (Kernel::init) start net module
19:31:25 (140003751950112 0.0070) [engine] (Kernel::init_net) success! connection maxcount: 10240, listenport: 12680, listenip: 127.0.0.1
19:31:25 (140003751950112 0.0070) [engine] (Kernel::init) net module success
19:31:25 (140003751950112 0.0070) [engine] (Kernel::run) base module
19:31:25 (140003751950112 0.0070) [engine] (Kernel::run) db module
19:31:25 (140003751950112 0.0070) [engine] (Kernel::run) net module
19:31:26 (140003751950112 1.7160) [engine] (Kernel::stop) net module
19:31:26 (140003751950112 1.7160) [engine] (Kernel::stop) db module
19:31:26 (140003751950112 1.7160) [engine] (Kernel::stop) base module
19:31:46 (139755001677600 0.0000) [engine] (System::init) base module success
19:31:46 (139755001677600 0.0000) [engine] (System::init) start setting module
19:31:46 (139755001677600 0.0000) [engine] (System::init) setting module success
19:31:46 (139755001677600 0.0000) [engine] (Kernel::init) start db module
19:31:46 (139755001677600 0.0050) [engine] (Kernel::init) db module success
19:31:46 (139755001677600 0.0050) [engine] (Kernel::init) start net module
19:31:46 (139755001677600 0.0060) [engine] (Kernel::init_net) success! connection maxcount: 10240, listenport: 12680, listenip: 127.0.0.1
19:31:46 (139755001677600 0.0060) [engine] (Kernel::init) net module success
19:31:46 (139755001677600 0.0060) [engine] (Kernel::run) base module
19:31:46 (139755001677600 0.0060) [engine] (Kernel::run) db module
19:31:46 (139755001677600 0.0060) [engine] (Kernel::run) net module
19:31:49 (139755001677600 3.0190) [engine] (Kernel::stop) net module
19:31:49 (139755001677600 3.0190) [engine] (Kernel::stop) db module
19:31:49 (139755001677600 3.0190) [engine] (Kernel::stop) base module
19:32:29 (139816980883232 0.0000) [engine] (System::init) base module success
19:32:29 (139816980883232 0.0000) [engine] (System::init) start setting module
19:32:29 (139816980883232 0.0000) [engine] (System::init) setting module success
19:32:29 (139816980883232 0.0000) [engine] (Kernel::init) start db module
19:32:29 (139816980883232 0.0050) [engine] (Kernel::init) db module success
19:32:29 (139816980883232 0.0050) [engine] (Kernel::init) start net module
19:32:29 (139816980883232 0.0060) [engine] (Kernel::init_net) success! connection maxcount: 10240, listenport: 12680, listenip: 127.0.0.1
19:32:29 (139816980883232 0.0060) [engine] (Kernel::init) net module success
19:32:29 (139816980883232 0.0060) [engine] (Kernel::run) base module
19:32:29 (139816980883232 0.0060) [engine] (Kernel::run) db module
19:32:29 (139816980883232 0.0070) [engine] (Kernel::run) net module
19:32:52 (139816980883232 23.6450) [engine] (Kernel::stop) net module
19:32:52 (139816980883232 23.6460) [engine] (Kernel::stop) db module
19:32:52 (139816980883232 23.6460) [engine] (Kernel::stop) base module
19:36:31 (140478873155360 0.0000) [engine] (System::init) base module success
19:36:31 (140478873155360 0.0000) [engine] (System::init) start setting module
19:36:31 (140478873155360 0.0010) [engine] (System::init) setting module success
19:36:31 (140478873155360 0.0010) [engine] (Kernel::init) start db module
19:36:31 (140478873155360 0.0060) [engine] (Kernel::init) db module success
19:36:31 (140478873155360 0.0060) [engine] (Kernel::init) start net module
19:36:31 (140478873155360 0.0070) [engine] (Kernel::init_net) success! connection maxcount: 10240, listenport: 12680, listenip: 127.0.0.1
19:36:31 (140478873155360 0.0070) [engine] (Kernel::init) net module success
19:36:31 (140478873155360 0.0070) [engine] (Kernel::run) base module
19:36:31 (140478873155360 0.0070) [engine] (Kernel::run) db module
19:36:31 (140478873155360 0.0070) [engine] (Kernel::run) net module
19:36:44 (140478873155360 13.1510) [engine] (Kernel::stop) net module
19:36:44 (140478873155360 13.1510) [engine] (Kernel::stop) db module
19:36:44 (140478873155360 13.1510) [engine] (Kernel::stop) base module
19:44:11 (139937529419552 0.0000) [engine] (System::init) base module success
19:44:11 (139937529419552 0.0000) [engine] (System::init) start setting module
19:44:11 (139937529419552 0.0000) [engine] (System::init) setting module success
19:44:11 (139937529419552 0.0000) [engine] (Kernel::init) start db module
19:44:11 (139937529419552 0.0060) [engine] (Kernel::init) db module success
19:44:11 (139937529419552 0.0060) [engine] (Kernel::init) start net module
19:44:11 (139937529419552 0.0070) [engine] (Kernel::init_net) success! connection maxcount: 10240, listenport: 12680, listenip: 127.0.0.1
19:44:11 (139937529419552 0.0070) [engine] (Kernel::init) net module success
19:44:11 (139937529419552 0.0070) [engine] (Kernel::run) base module
19:44:11 (139937529419552 0.0070) [engine] (Kernel::run) db module
19:44:11 (139937529419552 0.0070) [engine] (Kernel::run) net module
19:44:37 (139937529419552 26.4130) [engine] (Kernel::stop) net module
19:44:37 (139937529419552 26.4130) [engine] (Kernel::stop) db module
19:44:37 (139937529419552 26.4130) [engine] (Kernel::stop) base module
