10:58:53 (139820742772512 0.0000) [engine] (System::init) base module success
10:58:53 (139820742772512 0.0090) [engine] (System::init) start setting module
10:58:53 (139820742772512 0.0560) [engine] (System::init) setting module success
10:58:53 (139820742772512 0.0560) [engine] (Kernel::init) start db module
10:58:53 (139820742772512 0.4060) [engine] (Kernel::init) db module success
10:58:53 (139820742772512 0.4070) [engine] (Kernel::init) start net module
10:58:53 (139820742772512 0.4110) [engine] (Kernel::init_net) success! connection maxcount: 10240, listenport: 12680, listenip: 127.0.0.1
10:58:53 (139820742772512 0.4110) [engine] (Kernel::init) net module success
10:58:53 (139820742772512 0.4120) [engine] (Kernel::run) base module
10:58:53 (139820742772512 0.4120) [engine] (Kernel::run) db module
10:58:53 (139820742772512 0.4120) [engine] (Kernel::run) net module
10:59:54 (139820742772512 61.5650) [engine] (Kernel::stop) net module
10:59:54 (139820742772512 61.5650) [engine] (Kernel::stop) db module
10:59:54 (139820742772512 61.5650) [engine] (Kernel::stop) base module
11:45:39 (140358991087392 0.0000) [engine] (System::init) base module success
11:45:39 (140358991087392 0.0000) [engine] (System::init) start setting module
11:45:39 (140358991087392 0.0000) [engine] (System::init) setting module success
11:45:39 (140358991087392 0.0000) [engine] (Kernel::init) start db module
11:45:39 (140358991087392 0.0060) [engine] (Kernel::init) db module success
11:45:39 (140358991087392 0.0060) [engine] (Kernel::init) start net module
11:45:39 (140358991087392 0.0070) [engine] (Kernel::init_net) success! connection maxcount: 10240, listenport: 12680, listenip: 127.0.0.1
11:45:39 (140358991087392 0.0070) [engine] (Kernel::init) net module success
11:45:39 (140358991087392 0.0070) [engine] (Kernel::run) base module
11:45:39 (140358991087392 0.0070) [engine] (Kernel::run) db module
11:45:39 (140358991087392 0.0070) [engine] (Kernel::run) net module
11:45:41 (140358991087392 2.3240) [engine] (Kernel::stop) net module
11:45:41 (140358991087392 2.3240) [engine] (Kernel::stop) db module
11:45:41 (140358991087392 2.3240) [engine] (Kernel::stop) base module
