13:04:46 (140604022957856 0.0000) [engine] (System::init) base module success
13:04:46 (140604022957856 0.0000) [engine] (System::init) start setting module
13:04:46 (140604022957856 0.0000) [engine] (System::init) setting module success
13:04:46 (140604022957856 0.0000) [engine] (Kernel::init) start db module
13:04:46 (140604022957856 0.0050) [engine] (Kernel::init) db module success
13:04:46 (140604022957856 0.0050) [engine] (Kernel::init) start net module
13:04:46 (140604022957856 0.0110) [engine] (Kernel::init_net) success! connection maxcount: 100, listenport: 12680, listenip: 127.0.0.1
13:04:46 (140604022957856 0.0120) [engine] (Kernel::init) net module success
13:04:46 (140604022957856 0.0120) [engine] (Kernel::run) base module
13:04:46 (140604022957856 0.0120) [engine] (Kernel::run) db module
13:04:46 (140604022957856 0.0120) [engine] (Kernel::run) net module
13:04:49 (140604022957856 2.6330) [engine] (Kernel::stop) net module
13:04:49 (140604022957856 2.6330) [engine] (Kernel::stop) db module
13:04:49 (140604022957856 2.6330) [engine] (Kernel::stop) base module
13:51:06 (140240282421024 0.0000) [engine] (System::init) base module success
13:51:06 (140240282421024 0.0000) [engine] (System::init) start setting module
13:51:06 (140240282421024 0.0010) [engine] (System::init) setting module success
13:51:06 (140240282421024 0.0010) [engine] (Kernel::init) start db module
13:51:06 (140240282421024 0.0070) [engine] (Kernel::init) db module success
13:51:06 (140240282421024 0.0070) [engine] (Kernel::init) start net module
13:51:06 (140240282421024 0.0100) [engine] (Kernel::init_net) success! connection maxcount: 100, listenport: 12680, listenip: 127.0.0.1
13:51:06 (140240282421024 0.0100) [engine] (Kernel::init) net module success
13:51:06 (140240282421024 0.0100) [engine] (Kernel::run) base module
13:51:06 (140240282421024 0.0100) [engine] (Kernel::run) db module
13:51:06 (140240282421024 0.0100) [engine] (Kernel::run) net module
13:59:01 (140240282421024 474.9310) [engine] (Kernel::stop) net module
13:59:01 (140240282421024 474.9310) [engine] (Kernel::stop) db module
13:59:01 (140240282421024 474.9310) [engine] (Kernel::stop) base module
14:52:42 (140101572810528 0.0010) [engine] (System::init) base module success
14:52:42 (140101572810528 0.0010) [engine] (System::init) start setting module
14:52:42 (140101572810528 0.0010) [engine] (System::init) setting module success
14:52:42 (140101572810528 0.0010) [engine] (Kernel::init) start db module
14:52:42 (140101572810528 0.0070) [engine] (Kernel::init) db module success
14:52:42 (140101572810528 0.0070) [engine] (Kernel::init) start net module
14:52:42 (140101572810528 0.0100) [engine] (Kernel::init_net) success! connection maxcount: 100, listenport: 12680, listenip: 127.0.0.1
14:52:42 (140101572810528 0.0100) [engine] (Kernel::init) net module success
14:52:42 (140101572810528 0.0110) [engine] (Kernel::run) base module
14:52:42 (140101572810528 0.0110) [engine] (Kernel::run) db module
14:52:42 (140101572810528 0.0110) [engine] (Kernel::run) net module
14:52:45 (140101572810528 2.9730) [engine] (Kernel::stop) net module
14:52:45 (140101572810528 2.9730) [engine] (Kernel::stop) db module
14:52:45 (140101572810528 2.9730) [engine] (Kernel::stop) base module
14:56:06 (140213876049696 0.0010) [engine] (System::init) base module success
14:56:06 (140213876049696 0.0010) [engine] (System::init) start setting module
14:56:06 (140213876049696 0.0010) [engine] (System::init) setting module success
14:56:06 (140213876049696 0.0010) [engine] (Kernel::init) start db module
14:56:06 (140213876049696 0.0080) [engine] (Kernel::init) db module success
14:56:06 (140213876049696 0.0080) [engine] (Kernel::init) start net module
14:56:06 (140213876049696 0.0150) [engine] (Kernel::init_net) success! connection maxcount: 100, listenport: 12680, listenip: 127.0.0.1
14:56:06 (140213876049696 0.0150) [engine] (Kernel::init) net module success
14:56:06 (140213876049696 0.0150) [engine] (Kernel::run) base module
14:56:06 (140213876049696 0.0150) [engine] (Kernel::run) db module
14:56:06 (140213876049696 0.0150) [engine] (Kernel::run) net module
14:56:09 (140213876049696 3.3810) [engine] (Kernel::stop) net module
14:56:09 (140213876049696 3.3810) [engine] (Kernel::stop) db module
14:56:09 (140213876049696 3.3810) [engine] (Kernel::stop) base module
15:01:13 (140661306898208 0.0000) [engine] (System::init) base module success
15:01:13 (140661306898208 0.0010) [engine] (System::init) start setting module
15:01:13 (140661306898208 0.0010) [engine] (System::init) setting module success
15:01:13 (140661306898208 0.0010) [engine] (Kernel::init) start db module
15:01:13 (140661306898208 0.0070) [engine] (Kernel::init) db module success
15:01:13 (140661306898208 0.0070) [engine] (Kernel::init) start net module
15:01:13 (140661306898208 0.0150) [engine] (Kernel::init_net) success! connection maxcount: 100, listenport: 12680, listenip: 127.0.0.1
15:01:13 (140661306898208 0.0150) [engine] (Kernel::init) net module success
15:01:13 (140661306898208 0.0710) [engine] (Kernel::run) base module
15:01:13 (140661306898208 0.0710) [engine] (Kernel::run) db module
15:01:18 (140661306898208 5.0740) [engine] (Kernel::run) net module
15:01:25 (140661306898208 12.6080) [engine] (Kernel::stop) net module
15:01:25 (140661306898208 12.6080) [engine] (Kernel::stop) db module
15:01:25 (140661306898208 12.6080) [engine] (Kernel::stop) base module
15:01:27 (140199819347744 0.0000) [engine] (System::init) base module success
15:01:27 (140199819347744 0.0000) [engine] (System::init) start setting module
15:01:27 (140199819347744 0.0000) [engine] (System::init) setting module success
15:01:27 (140199819347744 0.0000) [engine] (Kernel::init) start db module
15:01:27 (140199819347744 0.0060) [engine] (Kernel::init) db module success
15:01:27 (140199819347744 0.0060) [engine] (Kernel::init) start net module
15:01:27 (140199819347744 0.0100) [engine] (Kernel::init_net) success! connection maxcount: 100, listenport: 12680, listenip: 127.0.0.1
15:01:27 (140199819347744 0.0100) [engine] (Kernel::init) net module success
15:01:27 (140199819347744 0.0100) [engine] (Kernel::run) base module
15:01:27 (140199819347744 0.0100) [engine] (Kernel::run) db module
15:01:32 (140199819347744 5.0140) [engine] (Kernel::run) net module
15:01:39 (140199819347744 11.2400) [engine] (Kernel::stop) net module
15:01:39 (140199819347744 11.2400) [engine] (Kernel::stop) db module
15:01:39 (140199819347744 11.2400) [engine] (Kernel::stop) base module
15:01:39 (140647559563040 0.0000) [engine] (System::init) base module success
15:01:39 (140647559563040 0.0000) [engine] (System::init) start setting module
15:01:39 (140647559563040 0.0010) [engine] (System::init) setting module success
15:01:39 (140647559563040 0.0010) [engine] (Kernel::init) start db module
15:01:39 (140647559563040 0.0060) [engine] (Kernel::init) db module success
15:01:39 (140647559563040 0.0060) [engine] (Kernel::init) start net module
15:01:39 (140647559563040 0.0090) [engine] (Kernel::init_net) success! connection maxcount: 100, listenport: 12680, listenip: 127.0.0.1
15:01:39 (140647559563040 0.0090) [engine] (Kernel::init) net module success
15:01:39 (140647559563040 0.0100) [engine] (Kernel::run) base module
15:01:39 (140647559563040 0.0100) [engine] (Kernel::run) db module
15:01:44 (140647559563040 5.0130) [engine] (Kernel::run) net module
15:01:46 (140647559563040 6.4440) [engine] (Kernel::stop) net module
15:01:46 (140647559563040 6.4440) [engine] (Kernel::stop) db module
15:01:46 (140647559563040 6.4440) [engine] (Kernel::stop) base module
15:02:27 (140487782283040 0.0000) [engine] (System::init) base module success
15:02:27 (140487782283040 0.0000) [engine] (System::init) start setting module
15:02:27 (140487782283040 0.0010) [engine] (System::init) setting module success
15:02:27 (140487782283040 0.0010) [engine] (Kernel::init) start db module
15:02:27 (140487782283040 0.0060) [engine] (Kernel::init) db module success
15:02:27 (140487782283040 0.0060) [engine] (Kernel::init) start net module
15:02:27 (140487782283040 0.0100) [engine] (Kernel::init_net) success! connection maxcount: 100, listenport: 12680, listenip: 127.0.0.1
15:02:27 (140487782283040 0.0100) [engine] (Kernel::init) net module success
15:02:27 (140487782283040 0.0110) [engine] (Kernel::run) base module
15:02:27 (140487782283040 0.0110) [engine] (Kernel::run) db module
15:02:32 (140487782283040 5.0140) [engine] (Kernel::run) net module
15:02:33 (140487782283040 6.6260) [engine] (Kernel::stop) net module
15:02:33 (140487782283040 6.6260) [engine] (Kernel::stop) db module
15:02:33 (140487782283040 6.6260) [engine] (Kernel::stop) base module
15:02:57 (139782120199968 0.0010) [engine] (System::init) base module success
15:02:57 (139782120199968 0.0010) [engine] (System::init) start setting module
15:02:57 (139782120199968 0.0010) [engine] (System::init) setting module success
15:02:57 (139782120199968 0.0010) [engine] (Kernel::init) start db module
15:02:57 (139782120199968 0.0060) [engine] (Kernel::init) db module success
15:02:57 (139782120199968 0.0060) [engine] (Kernel::init) start net module
15:02:57 (139782120199968 0.0100) [engine] (Kernel::init_net) success! connection maxcount: 100, listenport: 12680, listenip: 127.0.0.1
15:02:57 (139782120199968 0.0100) [engine] (Kernel::init) net module success
15:02:57 (139782120199968 0.0100) [engine] (Kernel::run) base module
15:02:57 (139782120199968 0.0100) [engine] (Kernel::run) db module
15:02:57 (139782120199968 0.0100) [engine] (Kernel::run) net module
15:02:59 (139782120199968 2.0510) [engine] (Kernel::stop) net module
15:02:59 (139782120199968 2.0510) [engine] (Kernel::stop) db module
15:02:59 (139782120199968 2.0510) [engine] (Kernel::stop) base module
15:56:15 (139958975850272 0.0000) [engine] (System::init) base module success
15:56:15 (139958975850272 0.0000) [engine] (System::init) start setting module
15:56:15 (139958975850272 0.0000) [engine] (System::init) setting module success
15:56:15 (139958975850272 0.0000) [engine] (Kernel::init) start db module
15:56:15 (139958975850272 0.0100) [engine] (Kernel::init) db module success
15:56:15 (139958975850272 0.0100) [engine] (Kernel::init) start net module
15:56:15 (139958975850272 0.0200) [engine] (Kernel::init_net) success! connection maxcount: 100, listenport: 12680, listenip: 127.0.0.1
15:56:15 (139958975850272 0.0200) [engine] (Kernel::init) net module success
15:56:15 (139958975850272 0.0220) [engine] (Kernel::run) base module
15:56:15 (139958975850272 0.0220) [engine] (Kernel::run) db module
15:56:15 (139958975850272 0.0220) [engine] (Kernel::run) net module
15:56:18 (139958975850272 3.2110) [engine] (Kernel::stop) net module
15:56:18 (139958975850272 3.2110) [engine] (Kernel::stop) db module
15:56:18 (139958975850272 3.2110) [engine] (Kernel::stop) base module
15:56:53 (139878178613024 0.0000) [engine] (System::init) base module success
15:56:53 (139878178613024 0.0010) [engine] (System::init) start setting module
15:56:53 (139878178613024 0.0010) [engine] (System::init) setting module success
15:56:53 (139878178613024 0.0010) [engine] (Kernel::init) start db module
15:56:53 (139878178613024 0.0070) [engine] (Kernel::init) db module success
15:56:53 (139878178613024 0.0070) [engine] (Kernel::init) start net module
15:56:53 (139878178613024 0.0120) [engine] (Kernel::init_net) success! connection maxcount: 100, listenport: 12680, listenip: 127.0.0.1
15:56:53 (139878178613024 0.0120) [engine] (Kernel::init) net module success
15:56:53 (139878178613024 0.0120) [engine] (Kernel::run) base module
15:56:53 (139878178613024 0.0130) [engine] (Kernel::run) db module
15:56:53 (139878178613024 0.0130) [engine] (Kernel::run) net module
15:56:56 (139878178613024 3.3880) [engine] (Kernel::stop) net module
15:56:56 (139878178613024 3.3880) [engine] (Kernel::stop) db module
15:56:56 (139878178613024 3.3880) [engine] (Kernel::stop) base module
15:57:19 (140476579538720 0.0000) [engine] (System::init) base module success
15:57:19 (140476579538720 0.0000) [engine] (System::init) start setting module
15:57:19 (140476579538720 0.0000) [engine] (System::init) setting module success
15:57:19 (140476579538720 0.0010) [engine] (Kernel::init) start db module
15:57:19 (140476579538720 0.0060) [engine] (Kernel::init) db module success
15:57:19 (140476579538720 0.0060) [engine] (Kernel::init) start net module
15:57:19 (140476579538720 0.0110) [engine] (Kernel::init_net) success! connection maxcount: 100, listenport: 12680, listenip: 127.0.0.1
15:57:19 (140476579538720 0.0110) [engine] (Kernel::init) net module success
15:57:19 (140476579538720 0.0120) [engine] (Kernel::run) base module
15:57:19 (140476579538720 0.0120) [engine] (Kernel::run) db module
15:57:24 (140476579538720 5.0160) [engine] (Kernel::run) net module
15:58:06 (140476579538720 46.5700) [engine] (Kernel::stop) net module
15:58:06 (140476579538720 46.5700) [engine] (Kernel::stop) db module
15:58:06 (140476579538720 46.5710) [engine] (Kernel::stop) base module
15:58:21 (139702279448352 0.0000) [engine] (System::init) base module success
15:58:21 (139702279448352 0.0000) [engine] (System::init) start setting module
15:58:21 (139702279448352 0.0000) [engine] (System::init) setting module success
15:58:21 (139702279448352 0.0000) [engine] (Kernel::init) start db module
15:58:21 (139702279448352 0.0050) [engine] (Kernel::init) db module success
15:58:21 (139702279448352 0.0050) [engine] (Kernel::init) start net module
15:58:21 (139702279448352 0.0100) [engine] (Kernel::init_net) success! connection maxcount: 100, listenport: 12680, listenip: 127.0.0.1
15:58:21 (139702279448352 0.0100) [engine] (Kernel::init) net module success
15:58:21 (139702279448352 0.0110) [engine] (Kernel::run) base module
15:58:21 (139702279448352 0.0110) [engine] (Kernel::run) db module
15:58:21 (139702279448352 0.0110) [engine] (Kernel::run) net module
15:58:24 (139702279448352 3.1130) [engine] (Kernel::stop) net module
15:58:24 (139702279448352 3.1130) [engine] (Kernel::stop) db module
15:58:24 (139702279448352 3.1130) [engine] (Kernel::stop) base module
15:58:52 (140654089271072 0.0010) [engine] (System::init) base module success
15:58:52 (140654089271072 0.0010) [engine] (System::init) start setting module
15:58:52 (140654089271072 0.0010) [engine] (System::init) setting module success
15:58:52 (140654089271072 0.0010) [engine] (Kernel::init) start db module
15:58:52 (140654089271072 0.0060) [engine] (Kernel::init) db module success
15:58:52 (140654089271072 0.0060) [engine] (Kernel::init) start net module
15:58:52 (140654089271072 0.0110) [engine] (Kernel::init_net) success! connection maxcount: 100, listenport: 12680, listenip: 127.0.0.1
15:58:52 (140654089271072 0.0110) [engine] (Kernel::init) net module success
15:58:52 (140654089271072 0.0110) [engine] (Kernel::run) base module
15:58:52 (140654089271072 0.0110) [engine] (Kernel::run) db module
15:58:52 (140654089271072 0.0110) [engine] (Kernel::run) net module
15:59:32 (140654089271072 39.8710) [engine] (Kernel::stop) net module
15:59:32 (140654089271072 39.8710) [engine] (Kernel::stop) db module
15:59:32 (140654089271072 39.8710) [engine] (Kernel::stop) base module
17:05:43 (140685954570016 0.0010) [engine] (System::init) base module success
17:05:43 (140685954570016 0.0010) [engine] (System::init) start setting module
17:05:43 (140685954570016 0.0010) [engine] (System::init) setting module success
17:05:43 (140685954570016 0.0010) [engine] (Kernel::init) start db module
17:05:43 (140685954570016 0.0460) [engine] (Kernel::init) db module success
17:05:43 (140685954570016 0.0460) [engine] (Kernel::init) start net module
17:06:01 (140685954570016 17.6430) [engine] (Kernel::init_net) success! connection maxcount: 10240, listenport: 12680, listenip: 127.0.0.1
17:06:01 (140685954570016 17.8380) [engine] (Kernel::init) net module success
17:06:02 (140685954570016 18.5130) [engine] (Kernel::run) base module
17:06:02 (140685954570016 18.5130) [engine] (Kernel::run) db module
17:06:02 (140685954570016 18.5280) [engine] (Kernel::run) net module
17:07:48 (140685954570016 124.4410) [engine] (Kernel::stop) net module
17:07:48 (140685954570016 124.4530) [engine] (Kernel::stop) db module
17:07:48 (140685954570016 124.4530) [engine] (Kernel::stop) base module
17:31:18 (140251632396064 0.0000) [engine] (System::init) base module success
17:31:18 (140251632396064 0.0000) [engine] (System::init) start setting module
17:31:18 (140251632396064 0.0320) [engine] (System::init) setting module success
17:31:18 (140251632396064 0.0320) [engine] (Kernel::init) start db module
17:31:19 (140251632396064 0.4950) [engine] (Kernel::init) db module success
17:31:19 (140251632396064 0.4950) [engine] (Kernel::init) start net module
17:31:19 (140251632396064 0.5170) [engine] (Kernel::init_net) success! connection maxcount: 100, listenport: 12680, listenip: 127.0.0.1
17:31:19 (140251632396064 0.5170) [engine] (Kernel::init) net module success
17:31:19 (140251632396064 0.5170) [engine] (Kernel::run) base module
17:31:19 (140251632396064 0.5170) [engine] (Kernel::run) db module
17:31:19 (140251632396064 0.5170) [engine] (Kernel::run) net module
17:31:23 (140251632396064 5.2670) [engine] (Kernel::stop) net module
17:31:23 (140251632396064 5.2680) [engine] (Kernel::stop) db module
17:31:23 (140251632396064 5.2680) [engine] (Kernel::stop) base module
17:31:24 (140701875234592 0.0000) [engine] (System::init) base module success
17:31:24 (140701875234592 0.0000) [engine] (System::init) start setting module
17:31:24 (140701875234592 0.0010) [engine] (System::init) setting module success
17:31:24 (140701875234592 0.0010) [engine] (Kernel::init) start db module
17:31:24 (140701875234592 0.0430) [engine] (Kernel::init) db module success
17:31:24 (140701875234592 0.0430) [engine] (Kernel::init) start net module
17:31:24 (140701875234592 0.0480) [engine] (Kernel::init_net) success! connection maxcount: 100, listenport: 12680, listenip: 127.0.0.1
17:31:24 (140701875234592 0.0480) [engine] (Kernel::init) net module success
17:31:24 (140701875234592 0.0490) [engine] (Kernel::run) base module
17:31:24 (140701875234592 0.0490) [engine] (Kernel::run) db module
17:31:24 (140701875234592 0.0490) [engine] (Kernel::run) net module
17:31:26 (140701875234592 1.9430) [engine] (Kernel::stop) net module
17:31:26 (140701875234592 1.9440) [engine] (Kernel::stop) db module
17:31:26 (140701875234592 1.9440) [engine] (Kernel::stop) base module
19:25:52 (139870966212384 0.0000) [engine] (System::init) base module success
19:25:52 (139870966212384 0.0000) [engine] (System::init) start setting module
19:25:52 (139870966212384 0.0010) [engine] (System::init) setting module success
19:25:52 (139870966212384 0.0010) [engine] (Kernel::init) start db module
19:25:52 (139870966212384 0.0570) [engine] (Kernel::init) db module success
19:25:52 (139870966212384 0.0570) [engine] (Kernel::init) start net module
19:25:52 (139870966212384 0.0570) [engine] (Kernel::init_net) success! connection maxcount: 100, listenport: 12680, listenip: 127.0.0.1
19:25:52 (139870966212384 0.0570) [engine] (Kernel::init) net module success
19:25:52 (139870966212384 0.0570) [engine] (Kernel::run) base module
19:25:52 (139870966212384 0.0570) [engine] (Kernel::run) db module
19:25:52 (139870966212384 0.0570) [engine] (Kernel::run) net module
19:26:34 (139870966212384 42.2510) [engine] (Kernel::stop) net module
19:26:34 (139870966212384 42.2510) [engine] (Kernel::stop) db module
19:26:34 (139870966212384 42.2510) [engine] (Kernel::stop) base module
19:27:03 (139866799523616 0.0000) [engine] (System::init) base module success
19:27:03 (139866799523616 0.0000) [engine] (System::init) start setting module
19:27:03 (139866799523616 0.0010) [engine] (System::init) setting module success
19:27:03 (139866799523616 0.0010) [engine] (Kernel::init) start db module
19:27:03 (139866799523616 0.0620) [engine] (Kernel::init) db module success
19:27:03 (139866799523616 0.0620) [engine] (Kernel::init) start net module
19:27:03 (139866799523616 0.0620) [engine] (Kernel::init_net) success! connection maxcount: 1024, listenport: 12680, listenip: 127.0.0.1
19:27:03 (139866799523616 0.0620) [engine] (Kernel::init) net module success
19:27:03 (139866799523616 0.0630) [engine] (Kernel::run) base module
19:27:03 (139866799523616 0.0630) [engine] (Kernel::run) db module
19:27:03 (139866799523616 0.0630) [engine] (Kernel::run) net module
19:28:57 (139866799523616 113.8050) [engine] (Kernel::stop) net module
19:28:57 (139866799523616 113.8050) [engine] (Kernel::stop) db module
19:28:57 (139866799523616 113.8050) [engine] (Kernel::stop) base module
19:29:10 (140626793637664 0.0000) [engine] (System::init) base module success
19:29:10 (140626793637664 0.0010) [engine] (System::init) start setting module
19:29:10 (140626793637664 0.0010) [engine] (System::init) setting module success
19:29:10 (140626793637664 0.0010) [engine] (Kernel::init) start db module
19:29:10 (140626793637664 0.0380) [engine] (Kernel::init) db module success
19:29:10 (140626793637664 0.0380) [engine] (Kernel::init) start net module
19:29:10 (140626793637664 0.0390) [engine] (Kernel::init_net) success! connection maxcount: 10240, listenport: 12680, listenip: 127.0.0.1
19:29:10 (140626793637664 0.0390) [engine] (Kernel::init) net module success
19:29:10 (140626793637664 0.0390) [engine] (Kernel::run) base module
19:29:10 (140626793637664 0.0390) [engine] (Kernel::run) db module
19:29:10 (140626793637664 0.0390) [engine] (Kernel::run) net module
19:35:14 (140626793637664 364.6110) [engine] (Kernel::stop) net module
19:35:14 (140626793637664 364.6110) [engine] (Kernel::stop) db module
19:35:14 (140626793637664 364.6110) [engine] (Kernel::stop) base module
20:06:08 (139660695607072 0.0000) [engine] (System::init) base module success
20:06:08 (139660695607072 0.0000) [engine] (System::init) start setting module
20:06:08 (139660695607072 0.0000) [engine] (System::init) setting module success
20:06:08 (139660695607072 0.0000) [engine] (Kernel::init) start db module
20:06:08 (139660695607072 0.0200) [engine] (Kernel::init) db module success
20:06:08 (139660695607072 0.0210) [engine] (Kernel::init) start net module
20:06:08 (139660695607072 0.0220) [engine] (Kernel::init_net) success! connection maxcount: 10240, listenport: 12680, listenip: 127.0.0.1
20:06:08 (139660695607072 0.0220) [engine] (Kernel::init) net module success
20:06:08 (139660695607072 0.0220) [engine] (Kernel::run) base module
20:06:08 (139660695607072 0.0220) [engine] (Kernel::run) db module
20:06:08 (139660695607072 0.0220) [engine] (Kernel::run) net module
20:07:21 (139660695607072 72.6340) [engine] (Kernel::stop) net module
20:07:21 (139660695607072 72.6340) [engine] (Kernel::stop) db module
20:07:21 (139660695607072 72.6340) [engine] (Kernel::stop) base module
20:07:25 (140347492685600 0.0000) [engine] (System::init) base module success
20:07:25 (140347492685600 0.0010) [engine] (System::init) start setting module
20:07:25 (140347492685600 0.0010) [engine] (System::init) setting module success
20:07:25 (140347492685600 0.0010) [engine] (Kernel::init) start db module
20:07:25 (140347492685600 0.0340) [engine] (Kernel::init) db module success
20:07:25 (140347492685600 0.0340) [engine] (Kernel::init) start net module
20:07:26 (140347492685600 0.5340) [engine] (Kernel::init_net) success! connection maxcount: 10240, listenport: 12680, listenip: 127.0.0.1
20:07:26 (140347492685600 0.5340) [engine] (Kernel::init) net module success
20:07:26 (140347492685600 0.5340) [engine] (Kernel::run) base module
20:07:26 (140347492685600 0.5340) [engine] (Kernel::run) db module
20:07:26 (140347492685600 0.5340) [engine] (Kernel::run) net module
20:07:36 (140347492685600 10.5130) [engine] (Kernel::stop) net module
20:07:36 (140347492685600 10.5130) [engine] (Kernel::stop) db module
20:07:36 (140347492685600 10.5130) [engine] (Kernel::stop) base module
20:09:24 (140464048457504 0.0000) [engine] (System::init) base module success
20:09:24 (140464048457504 0.0000) [engine] (System::init) start setting module
20:09:24 (140464048457504 0.0010) [engine] (System::init) setting module success
20:09:24 (140464048457504 0.0010) [engine] (Kernel::init) start db module
20:09:24 (140464048457504 0.0230) [engine] (Kernel::init) db module success
20:09:24 (140464048457504 0.0230) [engine] (Kernel::init) start net module
20:09:24 (140464048457504 0.0230) [engine] (Kernel::init_net) success! connection maxcount: 10240, listenport: 12680, listenip: 127.0.0.1
20:09:24 (140464048457504 0.0230) [engine] (Kernel::init) net module success
20:09:24 (140464048457504 0.0230) [engine] (Kernel::run) base module
20:09:24 (140464048457504 0.0230) [engine] (Kernel::run) db module
20:09:24 (140464048457504 0.0230) [engine] (Kernel::run) net module
20:09:28 (140464048457504 3.7070) [engine] (Kernel::stop) net module
20:09:28 (140464048457504 3.7070) [engine] (Kernel::stop) db module
20:09:28 (140464048457504 3.7070) [engine] (Kernel::stop) base module
20:09:49 (140037945820960 0.0010) [engine] (System::init) base module success
20:09:49 (140037945820960 0.0010) [engine] (System::init) start setting module
20:09:49 (140037945820960 0.0010) [engine] (System::init) setting module success
20:09:49 (140037945820960 0.0010) [engine] (Kernel::init) start db module
20:09:49 (140037945820960 0.0360) [engine] (Kernel::init) db module success
20:09:49 (140037945820960 0.0360) [engine] (Kernel::init) start net module
20:09:49 (140037945820960 0.0360) [engine] (Kernel::init_net) success! connection maxcount: 10240, listenport: 12680, listenip: 127.0.0.1
20:09:49 (140037945820960 0.0360) [engine] (Kernel::init) net module success
20:09:49 (140037945820960 0.0360) [engine] (Kernel::run) base module
20:09:49 (140037945820960 0.0360) [engine] (Kernel::run) db module
20:09:49 (140037945820960 0.0360) [engine] (Kernel::run) net module
20:09:51 (140037945820960 1.6730) [engine] (Kernel::stop) net module
20:09:51 (140037945820960 1.6730) [engine] (Kernel::stop) db module
20:09:51 (140037945820960 1.6730) [engine] (Kernel::stop) base module
20:10:21 (139675873359648 0.0000) [engine] (System::init) base module success
20:10:21 (139675873359648 0.0000) [engine] (System::init) start setting module
20:10:21 (139675873359648 0.0010) [engine] (System::init) setting module success
20:10:21 (139675873359648 0.0010) [engine] (Kernel::init) start db module
20:10:21 (139675873359648 0.0070) [engine] (Kernel::init) db module success
20:10:21 (139675873359648 0.0070) [engine] (Kernel::init) start net module
20:10:21 (139675873359648 0.0080) [engine] (Kernel::init_net) success! connection maxcount: 10240, listenport: 12680, listenip: 127.0.0.1
20:10:21 (139675873359648 0.0080) [engine] (Kernel::init) net module success
20:10:21 (139675873359648 0.0080) [engine] (Kernel::run) base module
20:10:21 (139675873359648 0.0090) [engine] (Kernel::run) db module
20:10:21 (139675873359648 0.0090) [engine] (Kernel::run) net module
20:15:45 (139675873359648 324.1660) [engine] (Kernel::stop) net module
20:15:45 (139675873359648 324.1670) [engine] (Kernel::stop) db module
20:15:45 (139675873359648 324.1670) [engine] (Kernel::stop) base module
20:41:51 (140636000548640 0.0010) [engine] (System::init) base module success
20:41:51 (140636000548640 0.0010) [engine] (System::init) start setting module
20:41:51 (140636000548640 0.0010) [engine] (System::init) setting module success
20:41:51 (140636000548640 0.0010) [engine] (Kernel::init) start db module
20:41:51 (140636000548640 0.0390) [engine] (Kernel::init) db module success
20:41:51 (140636000548640 0.0390) [engine] (Kernel::init) start net module
20:41:51 (140636000548640 0.0400) [engine] (Kernel::init_net) success! connection maxcount: 10240, listenport: 12680, listenip: 127.0.0.1
20:41:51 (140636000548640 0.0400) [engine] (Kernel::init) net module success
20:41:51 (140636000548640 0.0400) [engine] (Kernel::run) base module
20:41:51 (140636000548640 0.0410) [engine] (Kernel::run) db module
20:41:51 (140636000548640 0.0410) [engine] (Kernel::run) net module
20:42:37 (140636000548640 46.8120) [engine] (Kernel::stop) net module
20:42:37 (140636000548640 46.8120) [engine] (Kernel::stop) db module
20:42:37 (140636000548640 46.8120) [engine] (Kernel::stop) base module
20:44:24 (140463886763808 0.0000) [engine] (System::init) base module success
20:44:24 (140463886763808 0.0000) [engine] (System::init) start setting module
20:44:24 (140463886763808 0.0010) [engine] (System::init) setting module success
20:44:24 (140463886763808 0.0010) [engine] (Kernel::init) start db module
20:44:24 (140463886763808 0.0270) [engine] (Kernel::init) db module success
20:44:24 (140463886763808 0.0280) [engine] (Kernel::init) start net module
20:44:24 (140463886763808 0.0290) [engine] (Kernel::init_net) success! connection maxcount: 10240, listenport: 12680, listenip: 127.0.0.1
20:44:24 (140463886763808 0.0290) [engine] (Kernel::init) net module success
20:44:24 (140463886763808 0.0290) [engine] (Kernel::run) base module
20:44:24 (140463886763808 0.0290) [engine] (Kernel::run) db module
20:44:24 (140463886763808 0.0290) [engine] (Kernel::run) net module
20:44:38 (140463886763808 13.7680) [engine] (Kernel::stop) net module
20:44:38 (140463886763808 13.7680) [engine] (Kernel::stop) db module
20:44:38 (140463886763808 13.7680) [engine] (Kernel::stop) base module
